-531.7393096929
-531.7393097048
-531.7393097165
-531.7393097281
-531.7393097396
-531.7393097509
-531.7393097620
-531.7393097732
-531.7393097842
-531.7393097952
-531.7393098058
-531.7393098165
-531.7393098270
-531.7393098375
-531.7393098479
-531.7393098580
-531.7393098682
-531.7393098782
-531.7393098880
-531.7393098978
-531.7393099075
-531.7393099172
-531.7393099266
-531.7393099360
-531.7393099453
-531.7393099545
-531.7393099636
-531.7393099725
-531.7393099814
-531.7393099902
-531.7393099989
-531.7393100075
-531.7393100159
-531.7393100243
-531.7393100325
-531.7393100408
-531.7393100489
-531.7393100569
-531.7393100648
-531.7393100726
-531.7393100803
-531.7393100878
-531.7393100954
-531.7393101028
-531.7393101102
-531.7393101174
-531.7393101246
-531.7393101316
-531.7393101385
-531.7393101454
-531.7393101523
-531.7393101590
-531.7393101656
-531.7393101721
-531.7393101785
-531.7393101849
-531.7393101912
-531.7393101974
-531.7393102034
-531.7393102095
-531.7393102155
-531.7393102213
-531.7393102270
-531.7393102328
-531.7393102383
-531.7393102439
-531.7393102493
-531.7393102547
-531.7393102599
-531.7393102652
-531.7393102703
-531.7393102753
-531.7393102803
-531.7393102852
-531.7393102900
-531.7393102948
-531.7393102995
-531.7393103039
-531.7393103085
-531.7393103129
-531.7393103173
-531.7393103215
-531.7393103257
-531.7393103299
-531.7393103340
-531.7393103380
-531.7393103418
-531.7393103456
-531.7393103496
-531.7393103533
-531.7393103569
-531.7393103605
-531.7393103640
-531.7393103673
-531.7393103708
-531.7393103741
-531.7393103773
-531.7393103804
-531.7393103835
-531.7393103866
-531.7393103895
-531.7393103925
-531.7393103952
-531.7393103980
-531.7393104007
-531.7393104034
-531.7393104059
-531.7393104084
-531.7393104109
-531.7393104132
-531.7393104156
-531.7393104178
-531.7393104200
-531.7393104222
-531.7393104243
-531.7393104263
-531.7393104282
-531.7393104301
-531.7393104320
-531.7393104338
-531.7393104355
-531.7393104372
-531.7393104387
-531.7393104404
-531.7393104418
-531.7393104433
-531.7393104448
-531.7393104461
-531.7393104473
-531.7393104485
-531.7393104497
-531.7393104508
-531.7393104518
-531.7393104527
-531.7393104537
-531.7393104547
-531.7393104555
-531.7393104563
-531.7393104569
-531.7393104577
-531.7393104583
-531.7393104589
-531.7393104594
-531.7393104598
-531.7393104603
-531.7393104607
-531.7393104610
-531.7393104613
-531.7393104616
-531.7393104617
-531.7393104618
-531.7393104619
-531.7393104620
-531.7393104620
-531.7393104619
-531.7393104619
-531.7393104616
-531.7393104615
-531.7393104613
-531.7393104609
-531.7393104606
-531.7393104602
-531.7393104598
-531.7393104593
-531.7393104590
-531.7393104584
-531.7393104576
-531.7393104572
-531.7393104564
-531.7393104557
-531.7393104548
-531.7393104541
-531.7393104531
-531.7393104523
-531.7393104514
-531.7393104504
-531.7393104495
-531.7393104484
-531.7393104473
-531.7393104462
-531.7393104449
-531.7393104437
-531.7393104424
-531.7393104412
-531.7393104399
-531.7393104385
-531.7393104371
-531.7393104357
-531.7393104341
-531.7393104326
-531.7393104311
-531.7393104295
-531.7393104279
-531.7393104262
-531.7393104246
-531.7393104227
-531.7393104209
-531.7393104191
-531.7393104173
-531.7393104154
-531.7393104136
-531.7393104116
-531.7393104096
-531.7393104076
-531.7393104056
-531.7393104035
-531.7393104014
-531.7393103992
-531.7393103970
-531.7393103948
-531.7393103926
-531.7393103904
-531.7393103880
-531.7393103856
-531.7393103832
-531.7393103808
-531.7393103785
-531.7393103759
-531.7393103736
-531.7393103710
-531.7393103685
-531.7393103658
-531.7393103632
-531.7393103605
-531.7393103578
-531.7393103552
-531.7393103525
-531.7393103496
-531.7393103469
-531.7393103441
-531.7393103412
-531.7393103384
-531.7393103354
-531.7393103325
-531.7393103296
-531.7393103266
-531.7393103236
-531.7393103205
-531.7393103175
-531.7393103144
-531.7393103112
-531.7393103080
-531.7393103050
-531.7393103018
-531.7393102986
-531.7393102953
-531.7393102921
-531.7393102888
-531.7393102855
-531.7393102822
-531.7393102788
-531.7393102754
-531.7393102720
-531.7393102686
-531.7393102651
-531.7393102616
-531.7393102580
-531.7393102546
-531.7393102511
-531.7393102476
-531.7393102439
-531.7393102403
-531.7393102367
-531.7393102329
-531.7393102294
-531.7393102256
-531.7393102219
-531.7393102182
-531.7393102144
-531.7393102106
-531.7393102068
-531.7393102029
-531.7393101991
-531.7393101952
-531.7393101914
-531.7393101875
-531.7393101836
-531.7393101796
-531.7393101756
-531.7393101717
-531.7393101676
-531.7393101637
-531.7393101597
-531.7393101556
-531.7393101516
-531.7393101474
-531.7393101434
-531.7393101392
-531.7393101351
-531.7393101309
-531.7393101267
-531.7393101225
-531.7393101184
-531.7393101140
-531.7393101099
-531.7393101056
-531.7393101013
-531.7393100970
-531.7393100926
-531.7393100884
-531.7393100840
-531.7393100796
-531.7393100752
-531.7393100709
-531.7393100665
-531.7393100621
-531.7393100577
-531.7393100532
-531.7393100487
-531.7393100442
-531.7393100397
-531.7393100352
-531.7393100307
-531.7393100261
-531.7393100216
-531.7393100171
-531.7393100124
-531.7393100078
-531.7393100032
-531.7393099986
-531.7393099940
-531.7393099894
-531.7393099848
-531.7393099800
-531.7393099753
-531.7393099707
-531.7393099659
-531.7393099612
-531.7393099564
-531.7393099517
-531.7393099469
-531.7393099421
-531.7393099373
-531.7393099326
-531.7393099277
-531.7393099229
-531.7393099182
-531.7393099133
-531.7393099085
-531.7393099036
-531.7393098988
-531.7393098937
-531.7393098889
-531.7393098841
-531.7393098791
-531.7393098742
-531.7393098692
-531.7393098642
-531.7393098593
-531.7393098544
-531.7393098494
-531.7393098444
-531.7393098395
-531.7393098345
-531.7393098294
-531.7393098244
-531.7393098193
-531.7393098142
-531.7393098093
-531.7393098042
-531.7393097991
-531.7393097941
-531.7393097890
-531.7393097839
-531.7393097787
-531.7393097738
-531.7393097686
-531.7393097635
-531.7393097584
-531.7393097532
-531.7393097480
-531.7393097428
-531.7393097377
-531.7393097326
-531.7393097273
-531.7393097221
-531.7393097170
-531.7393097117
-531.7393097066
-531.7393097014
-531.7393096961
-531.7393096909
-531.7393096857
-531.7393096804
-531.7393096752
-531.7393096699
-531.7393096646
-531.7393096593
-531.7393096542
-531.7393096488
-531.7393096435
-531.7393096382
-531.7393096330
-531.7393096277
-531.7393096223
-531.7393096170
-531.7393096118
-531.7393096064
-531.7393096011
-531.7393095957
-531.7393095905
-531.7393095849
-531.7393095798
-531.7393095744
-531.7393095690
-531.7393095637
-531.7393095583
-531.7393095528
-531.7393095475
-531.7393095421
-531.7393095368
-531.7393095313
-531.7393095260
-531.7393095206
-531.7393095151
-531.7393095097
-531.7393095043
-531.7393094990
-531.7393094935
-531.7393094881
-531.7393094826
-531.7393094772
-531.7393094718
-531.7393094664
-531.7393094610
-531.7393094554
-531.7393094500
-531.7393094446
-531.7393094392
-531.7393094337
-531.7393094282
-531.7393094228
-531.7393094172
-531.7393094118
-531.7393094064
-531.7393094009
-531.7393093954
-531.7393093899
-531.7393093845
-531.7393093790
-531.7393093736
-531.7393093680
-531.7393093625
-531.7393093571
-531.7393093516
-531.7393093460
-531.7393093406
-531.7393093350
-531.7393093295
-531.7393093241
-531.7393093185
-531.7393093130
-531.7393093076
-531.7393093021
-531.7393092966
-531.7393092910
-531.7393092856
-531.7393092800
-531.7393092745
-531.7393092690
-531.7393092635
-531.7393092580
-531.7393092524
-531.7393092469
-531.7393092414
-531.7393092359
-531.7393092304
-531.7393092248
-531.7393092193
-531.7393092138
-531.7393092083
-531.7393092027
-531.7393091972
-531.7393091917
-531.7393091863
-531.7393091807
-531.7393091751
-531.7393091696
-531.7393091640
-531.7393091586
-531.7393091530
-531.7393091475
-531.7393091420
-531.7393091364
-531.7393091309
-531.7393091253
-531.7393091199
-531.7393091144
-531.7393091088
-531.7393091032
-531.7393090979
-531.7393090923
-531.7393090867
-531.7393090812
-531.7393090756
-531.7393090702
-531.7393090646
-531.7393090592
-531.7393090536
-531.7393090481
