-531.7393096929
-531.7393097048
-531.7393097165
-531.7393097280
-531.7393097396
-531.7393097509
-531.7393097620
-531.7393097732
-531.7393097842
-531.7393097952
-531.7393098058
-531.7393098165
-531.7393098270
-531.7393098375
-531.7393098478
-531.7393098581
-531.7393098681
-531.7393098781
-531.7393098880
-531.7393098978
-531.7393099075
-531.7393099172
-531.7393099266
-531.7393099360
-531.7393099453
-531.7393099545
-531.7393099636
-531.7393099725
-531.7393099814
-531.7393099902
-531.7393099989
-531.7393100074
-531.7393100159
-531.7393100243
-531.7393100325
-531.7393100408
-531.7393100489
-531.7393100569
-531.7393100648
-531.7393100726
-531.7393100803
-531.7393100878
-531.7393100954
-531.7393101028
-531.7393101102
-531.7393101174
-531.7393101246
-531.7393101316
-531.7393101385
-531.7393101454
-531.7393101523
-531.7393101590
-531.7393101656
-531.7393101721
-531.7393101785
-531.7393101849
-531.7393101912
-531.7393101975
-531.7393102034
-531.7393102095
-531.7393102155
-531.7393102213
-531.7393102270
-531.7393102328
-531.7393102383
-531.7393102439
-531.7393102493
-531.7393102547
-531.7393102599
-531.7393102652
-531.7393102703
-531.7393102753
-531.7393102803
-531.7393102852
-531.7393102900
-531.7393102947
-531.7393102994
-531.7393103040
-531.7393103084
-531.7393103129
-531.7393103173
-531.7393103215
-531.7393103257
-531.7393103299
-531.7393103340
-531.7393103380
-531.7393103419
-531.7393103457
-531.7393103495
-531.7393103532
-531.7393103569
-531.7393103605
-531.7393103640
-531.7393103673
-531.7393103708
-531.7393103741
-531.7393103773
-531.7393103804
-531.7393103835
-531.7393103866
