-53.1441
-53.1435
-53.1427
-53.142
-53.1412
-53.1406
-53.14
-53.1394
-53.139
-53.1386
-53.1383
-53.1381
-53.1378
-53.1377
-53.1375
-53.1374
-53.1373
-53.1372
-53.1372
-53.1371
-53.1371
-53.137
-53.137
-53.137
-53.1369
-53.1369
-53.1369
-53.1369
-53.1369
-53.1369
-53.1369
-53.1369
-53.1369
-53.1369
-53.1369
-53.1369
-53.1369
-53.1369
-53.1369
-53.1369
-53.1369
-53.1369
-53.1369
-53.1369
-53.1369
-53.1369
-53.1369
-53.1369
-53.1369
-53.1369
-53.1369
-53.1369
-53.1369
-53.1369
-53.1369
-53.1369
-53.1369
-53.1369
-53.1369
-53.1369
-53.1369
-53.1369
-53.1369
-53.1369
-53.1369
-53.1369
-53.1369
-53.1369
-53.1369
-53.1369
-53.1369
-53.1369
-53.1369
-53.1369
-53.1369
-53.1369
-53.1369
-53.1369
-53.1369
-53.1369
-53.1369
-53.1369
-53.1369
-53.1369
-53.1369
-53.1369
-53.1369
-53.1369
-53.1369
-53.1369
-53.1369
-53.1369
-53.1369
-53.1369
-53.1369
-53.1369
-53.1369
-53.1369
-53.1369
-53.1369
