-5.2848297686
-5.2848297686
-5.2848297687
-5.2848297687
-5.2848297687
-5.2848297688
-5.2848297688
-5.2848297689
-5.2848297689
-5.2848297689
-5.2848297690
-5.2848297690
-5.2848297690
-5.2848297691
-5.2848297691
-5.2848297691
-5.2848297692
-5.2848297692
-5.2848297692
-5.2848297692
-5.2848297693
-5.2848297693
-5.2848297693
-5.2848297694
-5.2848297694
-5.2848297694
-5.2848297694
-5.2848297695
-5.2848297695
-5.2848297695
-5.2848297695
-5.2848297695
-5.2848297696
-5.2848297696
-5.2848297696
-5.2848297696
-5.2848297696
-5.2848297697
-5.2848297697
-5.2848297697
-5.2848297697
-5.2848297697
-5.2848297697
-5.2848297698
-5.2848297698
-5.2848297698
-5.2848297698
-5.2848297698
-5.2848297698
-5.2848297698
-5.2848297698
-5.2848297698
-5.2848297698
-5.2848297699
-5.2848297699
-5.2848297699
-5.2848297699
-5.2848297699
-5.2848297699
-5.2848297699
-5.2848297699
-5.2848297699
-5.2848297699
-5.2848297699
-5.2848297699
-5.2848297699
-5.2848297699
-5.2848297699
-5.2848297699
-5.2848297699
-5.2848297699
-5.2848297699
-5.2848297699
-5.2848297699
-5.2848297699
-5.2848297699
-5.2848297699
-5.2848297699
-5.2848297699
-5.2848297699
-5.2848297699
-5.2848297699
-5.2848297699
-5.2848297698
-5.2848297698
-5.2848297698
-5.2848297698
-5.2848297698
-5.2848297698
-5.2848297698
-5.2848297698
-5.2848297698
-5.2848297698
-5.2848297697
-5.2848297697
-5.2848297697
-5.2848297697
-5.2848297697
-5.2848297697
-5.2848297697
-5.2848297696
-5.2848297696
-5.2848297696
-5.2848297696
-5.2848297696
-5.2848297696
-5.2848297695
-5.2848297695
-5.2848297695
-5.2848297695
-5.2848297695
-5.2848297695
-5.2848297694
-5.2848297694
-5.2848297694
-5.2848297694
-5.2848297694
-5.2848297693
-5.2848297693
-5.2848297693
-5.2848297693
-5.2848297692
-5.2848297692
-5.2848297692
-5.2848297692
-5.2848297691
-5.2848297691
-5.2848297691
-5.2848297691
-5.2848297690
-5.2848297690
-5.2848297690
-5.2848297690
-5.2848297689
-5.2848297689
-5.2848297689
-5.2848297688
-5.2848297688
-5.2848297688
-5.2848297688
-5.2848297687
-5.2848297687
-5.2848297687
-5.2848297686
-5.2848297686
-5.2848297686
-5.2848297685
-5.2848297685
-5.2848297685
-5.2848297684
-5.2848297684
-5.2848297684
-5.2848297683
-5.2848297683
-5.2848297683
-5.2848297682
-5.2848297682
-5.2848297682
-5.2848297681
-5.2848297681
-5.2848297681
-5.2848297680
-5.2848297680
-5.2848297680
-5.2848297679
-5.2848297679
-5.2848297679
-5.2848297678
-5.2848297678
-5.2848297677
-5.2848297677
-5.2848297677
-5.2848297676
-5.2848297676
-5.2848297675
-5.2848297675
-5.2848297675
-5.2848297674
-5.2848297674
-5.2848297673
-5.2848297673
-5.2848297673
-5.2848297672
-5.2848297672
-5.2848297671
-5.2848297671
-5.2848297671
-5.2848297670
-5.2848297670
-5.2848297669
-5.2848297669
-5.2848297668
-5.2848297668
-5.2848297668
-5.2848297667
-5.2848297667
-5.2848297666
-5.2848297666
-5.2848297665
-5.2848297665
-5.2848297664
-5.2848297664
-5.2848297664
-5.2848297663
-5.2848297663
-5.2848297662
-5.2848297662
-5.2848297661
-5.2848297661
-5.2848297660
-5.2848297660
-5.2848297659
-5.2848297659
-5.2848297658
-5.2848297658
-5.2848297657
-5.2848297657
-5.2848297656
-5.2848297656
-5.2848297655
-5.2848297655
-5.2848297655
-5.2848297654
-5.2848297654
-5.2848297653
-5.2848297653
-5.2848297652
-5.2848297652
-5.2848297651
-5.2848297651
-5.2848297650
-5.2848297650
-5.2848297649
-5.2848297649
-5.2848297648
-5.2848297647
-5.2848297647
-5.2848297646
-5.2848297646
-5.2848297645
-5.2848297645
-5.2848297644
-5.2848297644
-5.2848297643
-5.2848297643
-5.2848297642
-5.2848297642
-5.2848297641
-5.2848297641
-5.2848297640
-5.2848297640
-5.2848297639
-5.2848297639
-5.2848297638
-5.2848297638
-5.2848297637
-5.2848297636
-5.2848297636
-5.2848297635
-5.2848297635
-5.2848297634
-5.2848297634
-5.2848297633
-5.2848297633
-5.2848297632
-5.2848297632
-5.2848297631
-5.2848297630
-5.2848297630
-5.2848297629
-5.2848297629
-5.2848297628
-5.2848297628
-5.2848297627
-5.2848297627
-5.2848297626
-5.2848297625
-5.2848297625
-5.2848297624
-5.2848297624
-5.2848297623
-5.2848297623
-5.2848297622
-5.2848297621
-5.2848297621
-5.2848297620
-5.2848297620
-5.2848297619
-5.2848297619
-5.2848297618
-5.2848297617
-5.2848297617
-5.2848297616
-5.2848297616
-5.2848297615
-5.2848297615
-5.2848297614
-5.2848297613
-5.2848297613
-5.2848297612
-5.2848297612
-5.2848297611
-5.2848297611
-5.2848297610
-5.2848297609
-5.2848297609
-5.2848297608
-5.2848297608
-5.2848297607
-5.2848297606
-5.2848297606
-5.2848297605
-5.2848297605
-5.2848297604
-5.2848297603
-5.2848297603
-5.2848297602
-5.2848297602
-5.2848297601
-5.2848297601
-5.2848297600
-5.2848297599
-5.2848297599
-5.2848297598
-5.2848297598
-5.2848297597
-5.2848297596
-5.2848297596
-5.2848297595
-5.2848297595
-5.2848297594
-5.2848297593
-5.2848297593
-5.2848297592
-5.2848297592
-5.2848297591
-5.2848297590
-5.2848297590
-5.2848297589
-5.2848297589
-5.2848297588
-5.2848297587
-5.2848297587
-5.2848297586
-5.2848297586
-5.2848297585
-5.2848297584
-5.2848297584
-5.2848297583
-5.2848297583
-5.2848297582
-5.2848297581
-5.2848297581
-5.2848297580
-5.2848297579
-5.2848297579
-5.2848297578
-5.2848297578
-5.2848297577
-5.2848297576
-5.2848297576
-5.2848297575
-5.2848297575
-5.2848297574
-5.2848297573
-5.2848297573
-5.2848297572
-5.2848297572
-5.2848297571
-5.2848297570
-5.2848297570
-5.2848297569
-5.2848297569
-5.2848297568
-5.2848297567
-5.2848297567
-5.2848297566
-5.2848297565
-5.2848297565
-5.2848297564
-5.2848297564
-5.2848297563
-5.2848297562
-5.2848297562
-5.2848297561
-5.2848297561
-5.2848297560
-5.2848297559
-5.2848297559
-5.2848297558
-5.2848297558
-5.2848297557
-5.2848297556
-5.2848297556
-5.2848297555
-5.2848297554
-5.2848297554
-5.2848297553
-5.2848297553
-5.2848297552
-5.2848297551
-5.2848297551
-5.2848297550
-5.2848297550
-5.2848297549
-5.2848297548
-5.2848297548
-5.2848297547
-5.2848297546
-5.2848297546
-5.2848297545
-5.2848297545
-5.2848297544
-5.2848297543
-5.2848297543
-5.2848297542
-5.2848297542
-5.2848297541
-5.2848297540
-5.2848297540
-5.2848297539
-5.2848297539
-5.2848297538
-5.2848297537
-5.2848297537
-5.2848297536
-5.2848297535
-5.2848297535
-5.2848297534
-5.2848297534
-5.2848297533
-5.2848297532
-5.2848297532
-5.2848297531
-5.2848297531
-5.2848297530
-5.2848297529
-5.2848297529
-5.2848297528
-5.2848297528
-5.2848297527
-5.2848297526
-5.2848297526
-5.2848297525
-5.2848297524
-5.2848297524
-5.2848297523
-5.2848297523
-5.2848297522
-5.2848297521
-5.2848297521
-5.2848297520
-5.2848297520
-5.2848297519
-5.2848297518
-5.2848297518
-5.2848297517
-5.2848297517
-5.2848297516
-5.2848297515
-5.2848297515
-5.2848297514
-5.2848297514
-5.2848297513
-5.2848297512
-5.2848297512
-5.2848297511
-5.2848297511
-5.2848297510
-5.2848297509
-5.2848297509
-5.2848297508
-5.2848297508
-5.2848297507
-5.2848297506
-5.2848297506
-5.2848297505
-5.2848297505
-5.2848297504
-5.2848297503
-5.2848297503
-5.2848297502
-5.2848297502
-5.2848297501
-5.2848297500
-5.2848297500
-5.2848297499
-5.2848297499
-5.2848297498
-5.2848297497
-5.2848297497
-5.2848297496
-5.2848297496
-5.2848297495
-5.2848297494
-5.2848297494
-5.2848297493
-5.2848297493
-5.2848297492
-5.2848297491
