-265.8518952790
-265.8488908045
-265.8451679229
-265.8412946020
-265.8375854951
-265.8341992662
-265.8312007384
-265.8286002164
-265.8263780601
-265.8244997819
-265.8229250970
-265.8216131536
-265.8205253791
-265.8196268658
-265.8188868830
-265.8182788890
-265.8177802720
-265.8173719626
-265.8170380012
-265.8167651090
-265.8165422880
-265.8163604614
-265.8162121590
-265.8160912464
-265.8159926955
-265.8159123900
-265.8158469646
-265.8157936701
-265.8157502622
-265.8157149099
-265.8156861202
-265.8156626758
-265.8156435850
-265.8156280397
-265.8156153814
-265.8156050741
-265.8155966810
-265.8155898467
-265.8155842815
-265.8155797497
-265.8155760593
-265.8155730541
-265.8155706068
-265.8155686137
-265.8155669905
-265.8155656686
-265.8155645919
-265.8155637150
-265.8155630008
-265.8155624190
-265.8155619452
-265.8155615592
-265.8155612448
-265.8155609887
-265.8155607800
-265.8155606100
-265.8155604715
-265.8155603587
-265.8155602668
-265.8155601919
-265.8155601309
-265.8155600812
-265.8155600407
-265.8155600077
-265.8155599808
-265.8155599589
-265.8155599410
-265.8155599264
-265.8155599146
-265.8155599049
-265.8155598971
-265.8155598906
-265.8155598854
-265.8155598811
-265.8155598776
-265.8155598748
-265.8155598725
-265.8155598706
-265.8155598691
-265.8155598678
-265.8155598668
-265.8155598660
-265.8155598653
-265.8155598647
-265.8155598643
-265.8155598639
-265.8155598636
-265.8155598634
-265.8155598632
-265.8155598630
-265.8155598629
-265.8155598628
-265.8155598627
-265.8155598626
-265.8155598625
-265.8155598625
-265.8155598625
-265.8155598624
-265.8155598624
-265.8155598624
