-265.8532086152
-265.8532082098
-265.8532075176
-265.8532065563
-265.8532053430
-265.8532038939
-265.8532022245
-265.8532003493
-265.8531982824
-265.8531960369
-265.8531936256
-265.8531910604
-265.8531883527
-265.8531855134
-265.8531825527
-265.8531794805
-265.8531763059
-265.8531730378
-265.8531696845
-265.8531662540
-265.8531627537
-265.8531591908
-265.8531555719
-265.8531519035
-265.8531481916
-265.8531444418
-265.8531406596
-265.8531368501
-265.8531330181
-265.8531291680
-265.8531253043
-265.8531214308
-265.8531175514
-265.8531136698
-265.8531097892
-265.8531059127
-265.8531020435
-265.8530981841
-265.8530943373
-265.8530905055
-265.8530866910
-265.8530828957
-265.8530791219
-265.8530753713
-265.8530716455
-265.8530679463
-265.8530642751
-265.8530606331
-265.8530570217
-265.8530534422
-265.8530498954
-265.8530463823
-265.8530429039
-265.8530394609
-265.8530360541
-265.8530326841
-265.8530293515
-265.8530260568
-265.8530228004
-265.8530195828
-265.8530164042
-265.8530132650
-265.8530101654
-265.8530071055
-265.8530040855
-265.8530011057
-265.8529981658
-265.8529952660
-265.8529924064
-265.8529895868
-265.8529868071
-265.8529840673
-265.8529813673
-265.8529787069
-265.8529760858
-265.8529735040
-265.8529709611
-265.8529684570
-265.8529659914
-265.8529635640
-265.8529611746
-265.8529588227
-265.8529565082
-265.8529542306
-265.8529519897
-265.8529497851
-265.8529476165
-265.8529454834
-265.8529433854
-265.8529413223
-265.8529392937
-265.8529372990
-265.8529353381
-265.8529334103
-265.8529315154
-265.8529296529
-265.8529278225
-265.8529260236
-265.8529242560
-265.8529225191
