-265.8532087209
-265.8532087268
-265.8532087326
-265.8532087384
-265.8532087441
-265.8532087497
-265.8532087552
-265.8532087608
-265.8532087663
-265.8532087717
-265.8532087770
-265.8532087823
-265.8532087875
-265.8532087927
-265.8532087979
-265.8532088029
-265.8532088080
-265.8532088129
-265.8532088178
-265.8532088227
-265.8532088275
-265.8532088323
-265.8532088370
-265.8532088416
-265.8532088462
-265.8532088508
-265.8532088553
-265.8532088597
-265.8532088642
-265.8532088685
-265.8532088728
-265.8532088771
-265.8532088813
-265.8532088854
-265.8532088895
-265.8532088936
-265.8532088976
-265.8532089016
-265.8532089055
-265.8532089094
-265.8532089132
-265.8532089170
-265.8532089207
-265.8532089244
-265.8532089280
-265.8532089316
-265.8532089352
-265.8532089386
-265.8532089421
-265.8532089455
-265.8532089489
-265.8532089522
-265.8532089555
-265.8532089587
-265.8532089619
-265.8532089651
-265.8532089682
-265.8532089712
-265.8532089743
-265.8532089773
-265.8532089802
-265.8532089831
-265.8532089859
-265.8532089888
-265.8532089915
-265.8532089943
-265.8532089970
-265.8532089996
-265.8532090022
-265.8532090048
-265.8532090073
-265.8532090098
-265.8532090123
-265.8532090147
-265.8532090171
-265.8532090194
-265.8532090217
-265.8532090240
-265.8532090262
-265.8532090284
-265.8532090306
-265.8532090327
-265.8532090348
-265.8532090368
-265.8532090388
-265.8532090408
-265.8532090427
-265.8532090446
-265.8532090465
-265.8532090484
-265.8532090502
-265.8532090519
-265.8532090536
-265.8532090553
-265.8532090570
-265.8532090586
-265.8532090602
-265.8532090617
-265.8532090633
-265.8532090648
